[DEBUG] 17-04-2022 17:15:06 [main] InternalLoggerFactory - Using Log4J2 as the default logging framework
[DEBUG] 17-04-2022 17:15:06 [main] ResourceLeakDetector - -Dio.netty.leakDetection.level: simple
[DEBUG] 17-04-2022 17:15:06 [main] ResourceLeakDetector - -Dio.netty.leakDetection.targetRecords: 4
[DEBUG] 17-04-2022 17:15:06 [main] ResourceLeakDetectorFactory - Loaded default ResourceLeakDetector: io.netty.util.ResourceLeakDetector@5b07730f
[DEBUG] 17-04-2022 17:15:06 [main] PlatformDependent0 - -Dio.netty.noUnsafe: false
[DEBUG] 17-04-2022 17:15:06 [main] PlatformDependent0 - Java version: 16
[DEBUG] 17-04-2022 17:15:06 [main] PlatformDependent0 - sun.misc.Unsafe.theUnsafe: available
[DEBUG] 17-04-2022 17:15:06 [main] PlatformDependent0 - sun.misc.Unsafe.copyMemory: available
[DEBUG] 17-04-2022 17:15:06 [main] PlatformDependent0 - java.nio.Buffer.address: available
[DEBUG] 17-04-2022 17:15:06 [main] PlatformDependent0 - direct buffer constructor: unavailable: Reflective setAccessible(true) disabled
[DEBUG] 17-04-2022 17:15:06 [main] PlatformDependent0 - java.nio.Bits.unaligned: available, true
[DEBUG] 17-04-2022 17:15:06 [main] PlatformDependent0 - jdk.internal.misc.Unsafe.allocateUninitializedArray(int): unavailable: class io.netty.util.internal.PlatformDependent0$6 cannot access class jdk.internal.misc.Unsafe (in module java.base) because module java.base does not export jdk.internal.misc to unnamed module @3f3afe78
[DEBUG] 17-04-2022 17:15:06 [main] PlatformDependent0 - java.nio.DirectByteBuffer.<init>(long, int): unavailable
[DEBUG] 17-04-2022 17:15:06 [main] PlatformDependent - sun.misc.Unsafe: available
[DEBUG] 17-04-2022 17:15:06 [main] PlatformDependent - maxDirectMemory: 1990197248 bytes (maybe)
[DEBUG] 17-04-2022 17:15:06 [main] PlatformDependent - -Dio.netty.tmpdir: C:\Users\ASUSTR~1\AppData\Local\Temp (java.io.tmpdir)
[DEBUG] 17-04-2022 17:15:06 [main] PlatformDependent - -Dio.netty.bitMode: 64 (sun.arch.data.model)
[DEBUG] 17-04-2022 17:15:06 [main] PlatformDependent - Platform: Windows
[DEBUG] 17-04-2022 17:15:06 [main] PlatformDependent - -Dio.netty.maxDirectMemory: -1 bytes
[DEBUG] 17-04-2022 17:15:06 [main] PlatformDependent - -Dio.netty.uninitializedArrayAllocationThreshold: -1
[DEBUG] 17-04-2022 17:15:06 [main] CleanerJava9 - java.nio.ByteBuffer.cleaner(): available
[DEBUG] 17-04-2022 17:15:06 [main] PlatformDependent - -Dio.netty.noPreferDirect: false
[DEBUG] 17-04-2022 17:15:06 [main] PlatformDependent - org.jctools-core.MpscChunkedArrayQueue: available
[DEBUG] 17-04-2022 17:15:06 [main] InternalThreadLocalMap - -Dio.netty.threadLocalMap.stringBuilder.initialSize: 1024
[DEBUG] 17-04-2022 17:15:06 [main] InternalThreadLocalMap - -Dio.netty.threadLocalMap.stringBuilder.maxSize: 4096
[DEBUG] 17-04-2022 17:15:06 [main] JdkSslContext - Default protocols (JDK): [TLSv1.3, TLSv1.2] 
[DEBUG] 17-04-2022 17:15:06 [main] JdkSslContext - Default cipher suites (JDK): [TLS_ECDHE_ECDSA_WITH_AES_256_GCM_SHA384, TLS_ECDHE_ECDSA_WITH_AES_128_GCM_SHA256, TLS_ECDHE_RSA_WITH_AES_128_GCM_SHA256, TLS_ECDHE_RSA_WITH_AES_256_GCM_SHA384, TLS_ECDHE_RSA_WITH_AES_128_CBC_SHA, TLS_ECDHE_RSA_WITH_AES_256_CBC_SHA, TLS_RSA_WITH_AES_128_GCM_SHA256, TLS_RSA_WITH_AES_128_CBC_SHA, TLS_RSA_WITH_AES_256_CBC_SHA, TLS_AES_128_GCM_SHA256, TLS_AES_256_GCM_SHA384]
[DEBUG] 17-04-2022 17:15:06 [main] MultithreadEventLoopGroup - -Dio.netty.eventLoopThreads: 32
[DEBUG] 17-04-2022 17:15:06 [main] NioEventLoop - -Dio.netty.noKeySetOptimization: false
[DEBUG] 17-04-2022 17:15:06 [main] NioEventLoop - -Dio.netty.selectorAutoRebuildThreshold: 512
[DEBUG] 17-04-2022 17:15:06 [main] PooledByteBufAllocator - -Dio.netty.allocator.numHeapArenas: 19
[DEBUG] 17-04-2022 17:15:06 [main] PooledByteBufAllocator - -Dio.netty.allocator.numDirectArenas: 19
[DEBUG] 17-04-2022 17:15:06 [main] PooledByteBufAllocator - -Dio.netty.allocator.pageSize: 8192
[DEBUG] 17-04-2022 17:15:06 [main] PooledByteBufAllocator - -Dio.netty.allocator.maxOrder: 11
[DEBUG] 17-04-2022 17:15:06 [main] PooledByteBufAllocator - -Dio.netty.allocator.chunkSize: 16777216
[DEBUG] 17-04-2022 17:15:06 [main] PooledByteBufAllocator - -Dio.netty.allocator.smallCacheSize: 256
[DEBUG] 17-04-2022 17:15:06 [main] PooledByteBufAllocator - -Dio.netty.allocator.normalCacheSize: 64
[DEBUG] 17-04-2022 17:15:06 [main] PooledByteBufAllocator - -Dio.netty.allocator.maxCachedBufferCapacity: 32768
[DEBUG] 17-04-2022 17:15:06 [main] PooledByteBufAllocator - -Dio.netty.allocator.cacheTrimInterval: 8192
[DEBUG] 17-04-2022 17:15:06 [main] PooledByteBufAllocator - -Dio.netty.allocator.cacheTrimIntervalMillis: 0
[DEBUG] 17-04-2022 17:15:06 [main] PooledByteBufAllocator - -Dio.netty.allocator.useCacheForAllThreads: true
[DEBUG] 17-04-2022 17:15:06 [main] PooledByteBufAllocator - -Dio.netty.allocator.maxCachedByteBuffersPerChunk: 1023
[DEBUG] 17-04-2022 17:15:06 [main] ByteBufUtil - -Dio.netty.allocator.type: pooled
[DEBUG] 17-04-2022 17:15:06 [main] ByteBufUtil - -Dio.netty.threadLocalDirectBufferSize: 0
[DEBUG] 17-04-2022 17:15:06 [main] ByteBufUtil - -Dio.netty.maxThreadLocalCharBufferSize: 16384
[DEBUG] 17-04-2022 17:15:06 [Forwarding newSession on session null to remote] DefaultChannelId - -Dio.netty.processId: 15176 (auto-detected)
[DEBUG] 17-04-2022 17:15:06 [Forwarding newSession on session null to remote] NetUtil - -Djava.net.preferIPv4Stack: false
[DEBUG] 17-04-2022 17:15:06 [Forwarding newSession on session null to remote] NetUtil - -Djava.net.preferIPv6Addresses: false
[DEBUG] 17-04-2022 17:15:06 [Forwarding newSession on session null to remote] NetUtilInitializations - Loopback interface: lo (Software Loopback Interface 1, 127.0.0.1)
[DEBUG] 17-04-2022 17:15:06 [Forwarding newSession on session null to remote] NetUtil - Failed to get SOMAXCONN from sysctl and file \proc\sys\net\core\somaxconn. Default: 200
[DEBUG] 17-04-2022 17:15:06 [Forwarding newSession on session null to remote] DefaultChannelId - -Dio.netty.machineId: 7c:10:c9:ff:fe:27:fa:09 (auto-detected)
[DEBUG] 17-04-2022 17:15:06 [AsyncHttpClient-1-2] AbstractByteBuf - -Dio.netty.buffer.checkAccessible: true
[DEBUG] 17-04-2022 17:15:06 [AsyncHttpClient-1-2] AbstractByteBuf - -Dio.netty.buffer.checkBounds: true
[DEBUG] 17-04-2022 17:15:06 [AsyncHttpClient-1-2] ResourceLeakDetectorFactory - Loaded default ResourceLeakDetector: io.netty.util.ResourceLeakDetector@bd6ae1b
[DEBUG] 17-04-2022 17:15:06 [AsyncHttpClient-1-2] Recycler - -Dio.netty.recycler.maxCapacityPerThread: 4096
[DEBUG] 17-04-2022 17:15:06 [AsyncHttpClient-1-2] Recycler - -Dio.netty.recycler.maxSharedCapacityFactor: 2
[DEBUG] 17-04-2022 17:15:06 [AsyncHttpClient-1-2] Recycler - -Dio.netty.recycler.linkCapacity: 16
[DEBUG] 17-04-2022 17:15:06 [AsyncHttpClient-1-2] Recycler - -Dio.netty.recycler.ratio: 8
[DEBUG] 17-04-2022 17:15:06 [AsyncHttpClient-1-2] Recycler - -Dio.netty.recycler.delayedQueue.ratio: 8
[DEBUG] 17-04-2022 17:15:07 [AsyncHttpClient-1-2] Brotli - brotli4j not in the classpath; Brotli support will be unavailable.
[DEBUG] 17-04-2022 17:15:07 [main] ThreadLocalRandom - -Dio.netty.initialSeedUniquifier: 0xcaa8c977c3b4374b
[INFO ] 17-04-2022 17:15:10 [main] Log - Navigate to register page
[INFO ] 17-04-2022 17:15:11 [main] Log - Register new account
[INFO ] 17-04-2022 17:15:12 [main] Log - Navigate to login page
[INFO ] 17-04-2022 17:15:12 [main] Log - Login with valid account
[INFO ] 17-04-2022 17:15:14 [main] Log - Navigate to book ticket page
[INFO ] 17-04-2022 17:15:14 [main] Log - Book ticket with valid info
[INFO ] 17-04-2022 17:15:16 [main] Log - Navigate to my ticket page
[INFO ] 17-04-2022 17:15:17 [main] Log - Click cancel button
[INFO ] 17-04-2022 17:15:17 [main] Log - Click 'ok' button on aleart
[DEBUG] 17-04-2022 20:36:26 [main] InternalLoggerFactory - Using Log4J2 as the default logging framework
[DEBUG] 17-04-2022 20:36:26 [main] ResourceLeakDetector - -Dio.netty.leakDetection.level: simple
[DEBUG] 17-04-2022 20:36:26 [main] ResourceLeakDetector - -Dio.netty.leakDetection.targetRecords: 4
[DEBUG] 17-04-2022 20:36:26 [main] ResourceLeakDetectorFactory - Loaded default ResourceLeakDetector: io.netty.util.ResourceLeakDetector@2fea7088
[DEBUG] 17-04-2022 20:36:26 [main] PlatformDependent0 - -Dio.netty.noUnsafe: false
[DEBUG] 17-04-2022 20:36:26 [main] PlatformDependent0 - Java version: 16
[DEBUG] 17-04-2022 20:36:26 [main] PlatformDependent0 - sun.misc.Unsafe.theUnsafe: available
[DEBUG] 17-04-2022 20:36:26 [main] PlatformDependent0 - sun.misc.Unsafe.copyMemory: available
[DEBUG] 17-04-2022 20:36:26 [main] PlatformDependent0 - java.nio.Buffer.address: available
[DEBUG] 17-04-2022 20:36:26 [main] PlatformDependent0 - direct buffer constructor: unavailable: Reflective setAccessible(true) disabled
[DEBUG] 17-04-2022 20:36:26 [main] PlatformDependent0 - java.nio.Bits.unaligned: available, true
[DEBUG] 17-04-2022 20:36:26 [main] PlatformDependent0 - jdk.internal.misc.Unsafe.allocateUninitializedArray(int): unavailable: class io.netty.util.internal.PlatformDependent0$6 cannot access class jdk.internal.misc.Unsafe (in module java.base) because module java.base does not export jdk.internal.misc to unnamed module @5b464ce8
[DEBUG] 17-04-2022 20:36:26 [main] PlatformDependent0 - java.nio.DirectByteBuffer.<init>(long, int): unavailable
[DEBUG] 17-04-2022 20:36:26 [main] PlatformDependent - sun.misc.Unsafe: available
[DEBUG] 17-04-2022 20:36:26 [main] PlatformDependent - maxDirectMemory: 1990197248 bytes (maybe)
[DEBUG] 17-04-2022 20:36:26 [main] PlatformDependent - -Dio.netty.tmpdir: C:\Users\ASUSTR~1\AppData\Local\Temp (java.io.tmpdir)
[DEBUG] 17-04-2022 20:36:26 [main] PlatformDependent - -Dio.netty.bitMode: 64 (sun.arch.data.model)
[DEBUG] 17-04-2022 20:36:26 [main] PlatformDependent - Platform: Windows
[DEBUG] 17-04-2022 20:36:26 [main] PlatformDependent - -Dio.netty.maxDirectMemory: -1 bytes
[DEBUG] 17-04-2022 20:36:26 [main] PlatformDependent - -Dio.netty.uninitializedArrayAllocationThreshold: -1
[DEBUG] 17-04-2022 20:36:26 [main] CleanerJava9 - java.nio.ByteBuffer.cleaner(): available
[DEBUG] 17-04-2022 20:36:26 [main] PlatformDependent - -Dio.netty.noPreferDirect: false
[DEBUG] 17-04-2022 20:36:26 [main] PlatformDependent - org.jctools-core.MpscChunkedArrayQueue: available
[DEBUG] 17-04-2022 20:36:26 [main] InternalThreadLocalMap - -Dio.netty.threadLocalMap.stringBuilder.initialSize: 1024
[DEBUG] 17-04-2022 20:36:26 [main] InternalThreadLocalMap - -Dio.netty.threadLocalMap.stringBuilder.maxSize: 4096
[DEBUG] 17-04-2022 20:36:26 [main] JdkSslContext - Default protocols (JDK): [TLSv1.3, TLSv1.2] 
[DEBUG] 17-04-2022 20:36:26 [main] JdkSslContext - Default cipher suites (JDK): [TLS_ECDHE_ECDSA_WITH_AES_256_GCM_SHA384, TLS_ECDHE_ECDSA_WITH_AES_128_GCM_SHA256, TLS_ECDHE_RSA_WITH_AES_128_GCM_SHA256, TLS_ECDHE_RSA_WITH_AES_256_GCM_SHA384, TLS_ECDHE_RSA_WITH_AES_128_CBC_SHA, TLS_ECDHE_RSA_WITH_AES_256_CBC_SHA, TLS_RSA_WITH_AES_128_GCM_SHA256, TLS_RSA_WITH_AES_128_CBC_SHA, TLS_RSA_WITH_AES_256_CBC_SHA, TLS_AES_128_GCM_SHA256, TLS_AES_256_GCM_SHA384]
[DEBUG] 17-04-2022 20:36:26 [main] MultithreadEventLoopGroup - -Dio.netty.eventLoopThreads: 32
[DEBUG] 17-04-2022 20:36:26 [main] NioEventLoop - -Dio.netty.noKeySetOptimization: false
[DEBUG] 17-04-2022 20:36:26 [main] NioEventLoop - -Dio.netty.selectorAutoRebuildThreshold: 512
[DEBUG] 17-04-2022 20:36:26 [main] PooledByteBufAllocator - -Dio.netty.allocator.numHeapArenas: 19
[DEBUG] 17-04-2022 20:36:26 [main] PooledByteBufAllocator - -Dio.netty.allocator.numDirectArenas: 19
[DEBUG] 17-04-2022 20:36:26 [main] PooledByteBufAllocator - -Dio.netty.allocator.pageSize: 8192
[DEBUG] 17-04-2022 20:36:26 [main] PooledByteBufAllocator - -Dio.netty.allocator.maxOrder: 11
[DEBUG] 17-04-2022 20:36:26 [main] PooledByteBufAllocator - -Dio.netty.allocator.chunkSize: 16777216
[DEBUG] 17-04-2022 20:36:26 [main] PooledByteBufAllocator - -Dio.netty.allocator.smallCacheSize: 256
[DEBUG] 17-04-2022 20:36:26 [main] PooledByteBufAllocator - -Dio.netty.allocator.normalCacheSize: 64
[DEBUG] 17-04-2022 20:36:26 [main] PooledByteBufAllocator - -Dio.netty.allocator.maxCachedBufferCapacity: 32768
[DEBUG] 17-04-2022 20:36:26 [main] PooledByteBufAllocator - -Dio.netty.allocator.cacheTrimInterval: 8192
[DEBUG] 17-04-2022 20:36:26 [main] PooledByteBufAllocator - -Dio.netty.allocator.cacheTrimIntervalMillis: 0
[DEBUG] 17-04-2022 20:36:26 [main] PooledByteBufAllocator - -Dio.netty.allocator.useCacheForAllThreads: true
[DEBUG] 17-04-2022 20:36:26 [main] PooledByteBufAllocator - -Dio.netty.allocator.maxCachedByteBuffersPerChunk: 1023
[DEBUG] 17-04-2022 20:36:26 [main] ByteBufUtil - -Dio.netty.allocator.type: pooled
[DEBUG] 17-04-2022 20:36:26 [main] ByteBufUtil - -Dio.netty.threadLocalDirectBufferSize: 0
[DEBUG] 17-04-2022 20:36:26 [main] ByteBufUtil - -Dio.netty.maxThreadLocalCharBufferSize: 16384
[DEBUG] 17-04-2022 20:36:27 [Forwarding newSession on session null to remote] DefaultChannelId - -Dio.netty.processId: 4916 (auto-detected)
[DEBUG] 17-04-2022 20:36:27 [Forwarding newSession on session null to remote] NetUtil - -Djava.net.preferIPv4Stack: false
[DEBUG] 17-04-2022 20:36:27 [Forwarding newSession on session null to remote] NetUtil - -Djava.net.preferIPv6Addresses: false
[DEBUG] 17-04-2022 20:36:27 [Forwarding newSession on session null to remote] NetUtilInitializations - Loopback interface: lo (Software Loopback Interface 1, 127.0.0.1)
[DEBUG] 17-04-2022 20:36:27 [Forwarding newSession on session null to remote] NetUtil - Failed to get SOMAXCONN from sysctl and file \proc\sys\net\core\somaxconn. Default: 200
[DEBUG] 17-04-2022 20:36:27 [Forwarding newSession on session null to remote] DefaultChannelId - -Dio.netty.machineId: 7c:10:c9:ff:fe:27:fa:09 (auto-detected)
[DEBUG] 17-04-2022 20:36:27 [AsyncHttpClient-1-2] AbstractByteBuf - -Dio.netty.buffer.checkAccessible: true
[DEBUG] 17-04-2022 20:36:27 [AsyncHttpClient-1-2] AbstractByteBuf - -Dio.netty.buffer.checkBounds: true
[DEBUG] 17-04-2022 20:36:27 [AsyncHttpClient-1-2] ResourceLeakDetectorFactory - Loaded default ResourceLeakDetector: io.netty.util.ResourceLeakDetector@59430042
[DEBUG] 17-04-2022 20:36:27 [AsyncHttpClient-1-2] Recycler - -Dio.netty.recycler.maxCapacityPerThread: 4096
[DEBUG] 17-04-2022 20:36:27 [AsyncHttpClient-1-2] Recycler - -Dio.netty.recycler.maxSharedCapacityFactor: 2
[DEBUG] 17-04-2022 20:36:27 [AsyncHttpClient-1-2] Recycler - -Dio.netty.recycler.linkCapacity: 16
[DEBUG] 17-04-2022 20:36:27 [AsyncHttpClient-1-2] Recycler - -Dio.netty.recycler.ratio: 8
[DEBUG] 17-04-2022 20:36:27 [AsyncHttpClient-1-2] Recycler - -Dio.netty.recycler.delayedQueue.ratio: 8
[DEBUG] 17-04-2022 20:36:27 [AsyncHttpClient-1-2] Brotli - brotli4j not in the classpath; Brotli support will be unavailable.
[DEBUG] 17-04-2022 20:36:27 [main] ThreadLocalRandom - -Dio.netty.initialSeedUniquifier: 0x4826602c51cd47f3
[INFO ] 17-04-2022 20:36:32 [main] Log - Navigate to register page
[INFO ] 17-04-2022 20:36:33 [main] Log - Register new account
[INFO ] 17-04-2022 20:36:34 [main] Log - Navigate to login page
[INFO ] 17-04-2022 20:36:35 [main] Log - Login with valid account
[INFO ] 17-04-2022 20:36:36 [main] Log - Navigate to book ticket page
[INFO ] 17-04-2022 20:36:37 [main] Log - Book ticket with valid info
[INFO ] 17-04-2022 20:36:39 [main] Log - Navigate to my ticket page
[INFO ] 17-04-2022 20:36:40 [main] Log - Click cancel button
[INFO ] 17-04-2022 20:36:40 [main] Log - Click 'ok' button on aleart
